python: can't open file 'minimzation_kagome02.py': [Errno 2] No such file or directory
/home/bialonczyk/Spin_liquids/mean_field.py:320: RuntimeWarning: invalid value encountered in sqrt
  U[:,i] = w[:,i]/(np.sqrt(k[i]))
/home/bialonczyk/Spin_liquids/mean_field.py:323: RuntimeWarning: divide by zero encountered in true_divide
  U[:,i] = w[:,i]/np.sqrt(k[i])
/home/bialonczyk/Spin_liquids/mean_field.py:323: RuntimeWarning: invalid value encountered in true_divide
  U[:,i] = w[:,i]/np.sqrt(k[i])
/home/bialonczyk/Spin_liquids/mean_field.py:330: RuntimeWarning: invalid value encountered in double_scalars
  l2 = [-(np.square(np.absolute(U[:dim//2,i]))).sum()+(np.square(np.absolute(U[dim//2 : ,i]))).sum() for i in range(dim//2,dim)]
/home/bialonczyk/Spin_liquids/mean_field.py:320: RuntimeWarning: divide by zero encountered in true_divide
  U[:,i] = w[:,i]/(np.sqrt(k[i]))
/home/bialonczyk/Spin_liquids/mean_field.py:320: RuntimeWarning: invalid value encountered in true_divide
  U[:,i] = w[:,i]/(np.sqrt(k[i]))
/home/bialonczyk/Spin_liquids/mean_field.py:329: RuntimeWarning: invalid value encountered in double_scalars
  l1 = [(np.square(np.absolute(U[:dim//2,i]))).sum()-(np.square(np.absolute(U[dim//2: ,i]))).sum() for i in range(dim//2)]
/home/bialonczyk/Spin_liquids/mean_field.py:323: RuntimeWarning: invalid value encountered in sqrt
  U[:,i] = w[:,i]/np.sqrt(k[i])
[[ 0.000+0.j  0.000+0.j  0.000+0.j  0.000+0.j -0.175+0.j  0.303+0.j]
 [ 0.000+0.j  0.000+0.j  0.000+0.j  0.175+0.j  0.000+0.j -0.000+0.j]
 [ 0.000+0.j  0.000+0.j  0.000+0.j -0.303+0.j  0.000+0.j  0.000+0.j]
 [ 0.000+0.j  0.175+0.j -0.303+0.j  0.000+0.j  0.000+0.j  0.000+0.j]
 [-0.175+0.j  0.000+0.j  0.000+0.j  0.000+0.j  0.000+0.j  0.000+0.j]
 [ 0.303+0.j -0.000+0.j  0.000+0.j  0.000+0.j  0.000+0.j  0.000+0.j]]
7 3 [0.35000000000000053, 0] [0, 0] 0 0 0
[[ 0.000+0.j  0.000+0.j  0.000+0.j  0.000+0.j -0.175+0.j  0.303+0.j]
 [ 0.000+0.j  0.000+0.j  0.000+0.j  0.175+0.j  0.000+0.j -0.000+0.j]
 [ 0.000+0.j  0.000+0.j  0.000+0.j -0.303+0.j  0.000+0.j  0.000+0.j]
 [ 0.000+0.j  0.175+0.j -0.303+0.j  0.000+0.j  0.000+0.j  0.000+0.j]
 [-0.175+0.j  0.000+0.j  0.000+0.j  0.000+0.j  0.000+0.j  0.000+0.j]
 [ 0.303+0.j -0.000+0.j  0.000+0.j  0.000+0.j  0.000+0.j  0.000+0.j]]
7 3 [0.35000000000000053, 0] [0, 0] 0 0 0
[[ 0.000+0.j  0.000+0.j  0.000+0.j  0.000+0.j -0.160+0.j -0.277+0.j]
 [ 0.000+0.j  0.000+0.j  0.000+0.j  0.160+0.j  0.000+0.j -0.000+0.j]
 [ 0.000+0.j  0.000+0.j  0.000+0.j  0.277+0.j  0.000+0.j  0.000+0.j]
 [ 0.000+0.j  0.160+0.j  0.277+0.j  0.000+0.j  0.000+0.j  0.000+0.j]
 [-0.160+0.j  0.000+0.j  0.000+0.j  0.000+0.j  0.000+0.j  0.000+0.j]
 [-0.277+0.j -0.000+0.j  0.000+0.j  0.000+0.j  0.000+0.j  0.000+0.j]]
11 3 [0.32007812500000038, 0] [0, 0] 0 0 0
[[ 0.000+0.j  0.000+0.j  0.000+0.j  0.000+0.j  0.160+0.j -0.277+0.j]
 [ 0.000+0.j  0.000+0.j  0.000+0.j -0.160+0.j  0.000+0.j  0.000+0.j]
 [ 0.000+0.j  0.000+0.j  0.000+0.j  0.277+0.j -0.000+0.j  0.000+0.j]
 [ 0.000+0.j -0.160+0.j  0.277+0.j  0.000+0.j  0.000+0.j  0.000+0.j]
 [ 0.160+0.j  0.000+0.j -0.000+0.j  0.000+0.j  0.000+0.j  0.000+0.j]
 [-0.277+0.j  0.000+0.j  0.000+0.j  0.000+0.j  0.000+0.j  0.000+0.j]]
11 9 [0.31999992370605507, 0] [0, 0] 0 0 0
[[ 0.000+0.j  0.000+0.j  0.000+0.j  0.000+0.j  0.160+0.j -0.277+0.j]
 [ 0.000+0.j  0.000+0.j  0.000+0.j -0.160+0.j  0.000+0.j  0.000+0.j]
 [ 0.000+0.j  0.000+0.j  0.000+0.j  0.277+0.j -0.000+0.j  0.000+0.j]
 [ 0.000+0.j -0.160+0.j  0.277+0.j  0.000+0.j  0.000+0.j  0.000+0.j]
 [ 0.160+0.j  0.000+0.j -0.000+0.j  0.000+0.j  0.000+0.j  0.000+0.j]
 [-0.277+0.j  0.000+0.j  0.000+0.j  0.000+0.j  0.000+0.j  0.000+0.j]]
11 9 [0.31999992370605507, 0] [0, 0] 0 0 0
[[ 0.000+0.j  0.000+0.j  0.000+0.j  0.000+0.j -0.277+0.j  0.160+0.j]
 [ 0.000+0.j  0.000+0.j  0.000+0.j  0.277+0.j  0.000+0.j -0.000+0.j]
 [ 0.000+0.j  0.000+0.j  0.000+0.j -0.160+0.j  0.000+0.j  0.000+0.j]
 [ 0.000+0.j  0.277+0.j -0.160+0.j  0.000+0.j  0.000+0.j  0.000+0.j]
 [-0.277+0.j  0.000+0.j  0.000+0.j  0.000+0.j  0.000+0.j  0.000+0.j]
 [ 0.160+0.j -0.000+0.j  0.000+0.j  0.000+0.j  0.000+0.j  0.000+0.j]]
8 3 [0.31999999999767209, 0] [0, 0] 0 0 0
[[ 0.000+0.j  0.000+0.j  0.000+0.j  0.000+0.j -0.277+0.j  0.160+0.j]
 [ 0.000+0.j  0.000+0.j  0.000+0.j  0.277+0.j  0.000+0.j -0.000+0.j]
 [ 0.000+0.j  0.000+0.j  0.000+0.j -0.160+0.j  0.000+0.j  0.000+0.j]
 [ 0.000+0.j  0.277+0.j -0.160+0.j  0.000+0.j  0.000+0.j  0.000+0.j]
 [-0.277+0.j  0.000+0.j  0.000+0.j  0.000+0.j  0.000+0.j  0.000+0.j]
 [ 0.160+0.j -0.000+0.j  0.000+0.j  0.000+0.j  0.000+0.j  0.000+0.j]]
8 3 [0.31999999999767209, 0] [0, 0] 0 0 0
[[ 0.000+0.j  0.000+0.j  0.000+0.j  0.000+0.j -0.160+0.j  0.277+0.j]
 [ 0.000+0.j  0.000+0.j  0.000+0.j  0.160+0.j  0.000+0.j -0.000+0.j]
 [ 0.000+0.j  0.000+0.j  0.000+0.j -0.277+0.j  0.000+0.j  0.000+0.j]
 [ 0.000+0.j  0.160+0.j -0.277+0.j  0.000+0.j  0.000+0.j  0.000+0.j]
 [-0.160+0.j  0.000+0.j  0.000+0.j  0.000+0.j  0.000+0.j  0.000+0.j]
 [ 0.277+0.j -0.000+0.j  0.000+0.j  0.000+0.j  0.000+0.j  0.000+0.j]]
7 3 [0.32000000000000495, 0] [0, 0] 0 0 0
[[ 0.000+0.j  0.000+0.j  0.000+0.j  0.000+0.j -0.160+0.j -0.277+0.j]
 [ 0.000+0.j  0.000+0.j  0.000+0.j  0.160+0.j  0.000+0.j  0.000+0.j]
 [ 0.000+0.j  0.000+0.j  0.000+0.j  0.277+0.j -0.000+0.j  0.000+0.j]
 [ 0.000+0.j  0.160+0.j  0.277+0.j  0.000+0.j  0.000+0.j  0.000+0.j]
 [-0.160+0.j  0.000+0.j -0.000+0.j  0.000+0.j  0.000+0.j  0.000+0.j]
 [-0.277+0.j  0.000+0.j  0.000+0.j  0.000+0.j  0.000+0.j  0.000+0.j]]
1 9 [0.32000000000000034, 0] [0, 0] 0 0 0
0.5 0.32 -0.191700175421
[[ 0.000+0.j  0.000+0.j  0.000+0.j  0.000+0.j -0.175+0.j  0.303+0.j]
 [ 0.000+0.j  0.000+0.j  0.000+0.j  0.175+0.j  0.000+0.j -0.000+0.j]
 [ 0.000+0.j  0.000+0.j  0.000+0.j -0.303+0.j  0.000+0.j  0.000+0.j]
 [ 0.000+0.j  0.175+0.j -0.303+0.j  0.000+0.j  0.000+0.j  0.000+0.j]
 [-0.175+0.j  0.000+0.j  0.000+0.j  0.000+0.j  0.000+0.j  0.000+0.j]
 [ 0.303+0.j -0.000+0.j  0.000+0.j  0.000+0.j  0.000+0.j  0.000+0.j]]
7 3 [0.35000000000000053, 0] [0, 0] 0 0 0
[[ 0.000+0.j  0.000+0.j  0.000+0.j  0.000+0.j -0.175+0.j  0.303+0.j]
 [ 0.000+0.j  0.000+0.j  0.000+0.j  0.175+0.j  0.000+0.j -0.000+0.j]
 [ 0.000+0.j  0.000+0.j  0.000+0.j -0.303+0.j  0.000+0.j  0.000+0.j]
 [ 0.000+0.j  0.175+0.j -0.303+0.j  0.000+0.j  0.000+0.j  0.000+0.j]
 [-0.175+0.j  0.000+0.j  0.000+0.j  0.000+0.j  0.000+0.j  0.000+0.j]
 [ 0.303+0.j -0.000+0.j  0.000+0.j  0.000+0.j  0.000+0.j  0.000+0.j]]
7 3 [0.35000000000000053, 0] [0, 0] 0 0 0
[[ 0.000+0.j  0.000+0.j  0.000+0.j  0.000+0.j -0.175+0.j  0.303+0.j]
 [ 0.000+0.j  0.000+0.j  0.000+0.j  0.175+0.j  0.000+0.j -0.000+0.j]
 [ 0.000+0.j  0.000+0.j  0.000+0.j -0.303+0.j  0.000+0.j  0.000+0.j]
 [ 0.000+0.j  0.175+0.j -0.303+0.j  0.000+0.j  0.000+0.j  0.000+0.j]
 [-0.175+0.j  0.000+0.j  0.000+0.j  0.000+0.j  0.000+0.j  0.000+0.j]
 [ 0.303+0.j -0.000+0.j  0.000+0.j  0.000+0.j  0.000+0.j  0.000+0.j]]
7 3 [0.35000000000000053, 0] [0, 0] 0 0 0
[[ 0.000+0.j  0.000+0.j  0.000+0.j  0.000+0.j -0.175+0.j  0.303+0.j]
 [ 0.000+0.j  0.000+0.j  0.000+0.j  0.175+0.j  0.000+0.j -0.000+0.j]
 [ 0.000+0.j  0.000+0.j  0.000+0.j -0.303+0.j  0.000+0.j  0.000+0.j]
 [ 0.000+0.j  0.175+0.j -0.303+0.j  0.000+0.j  0.000+0.j  0.000+0.j]
 [-0.175+0.j  0.000+0.j  0.000+0.j  0.000+0.j  0.000+0.j  0.000+0.j]
 [ 0.303+0.j -0.000+0.j  0.000+0.j  0.000+0.j  0.000+0.j  0.000+0.j]]
7 3 [0.35000000000000053, 0] [0, 0] 0 0 0
[[ 0.000+0.j  0.000+0.j  0.000+0.j  0.000+0.j -0.175+0.j  0.303+0.j]
 [ 0.000+0.j  0.000+0.j  0.000+0.j  0.175+0.j  0.000+0.j -0.000+0.j]
 [ 0.000+0.j  0.000+0.j  0.000+0.j -0.303+0.j  0.000+0.j  0.000+0.j]
 [ 0.000+0.j  0.175+0.j -0.303+0.j  0.000+0.j  0.000+0.j  0.000+0.j]
 [-0.175+0.j  0.000+0.j  0.000+0.j  0.000+0.j  0.000+0.j  0.000+0.j]
 [ 0.303+0.j -0.000+0.j  0.000+0.j  0.000+0.j  0.000+0.j  0.000+0.j]]
7 3 [0.35000000000000053, 0] [0, 0] 0 0 0
[[ 0.000+0.j  0.000+0.j  0.000+0.j  0.000+0.j  0.264+0.j  0.457+0.j]
 [ 0.000+0.j  0.000+0.j  0.000+0.j -0.264+0.j  0.000+0.j -0.000+0.j]
 [ 0.000+0.j  0.000+0.j  0.000+0.j -0.457+0.j  0.000+0.j  0.000+0.j]
 [ 0.000+0.j -0.264+0.j -0.457+0.j  0.000+0.j  0.000+0.j  0.000+0.j]
 [ 0.264+0.j  0.000+0.j  0.000+0.j  0.000+0.j  0.000+0.j  0.000+0.j]
 [ 0.457+0.j -0.000+0.j  0.000+0.j  0.000+0.j  0.000+0.j  0.000+0.j]]
5 3 [0.52781250000000135, 0] [0, 0] 0 0 0
[[ 0.000+0.j  0.000+0.j  0.000+0.j  0.000+0.j  0.264+0.j  0.457+0.j]
 [ 0.000+0.j  0.000+0.j  0.000+0.j -0.264+0.j  0.000+0.j -0.000+0.j]
 [ 0.000+0.j  0.000+0.j  0.000+0.j -0.457+0.j  0.000+0.j  0.000+0.j]
 [ 0.000+0.j -0.264+0.j -0.457+0.j  0.000+0.j  0.000+0.j  0.000+0.j]
 [ 0.264+0.j  0.000+0.j  0.000+0.j  0.000+0.j  0.000+0.j  0.000+0.j]
 [ 0.457+0.j -0.000+0.j  0.000+0.j  0.000+0.j  0.000+0.j  0.000+0.j]]
5 3 [0.52781250000000135, 0] [0, 0] 0 0 0
[[ 0.000+0.j  0.000+0.j  0.000+0.j  0.000+0.j  0.264+0.j -0.457+0.j]
 [ 0.000+0.j  0.000+0.j  0.000+0.j -0.264+0.j  0.000+0.j -0.000+0.j]
 [ 0.000+0.j  0.000+0.j  0.000+0.j  0.457+0.j  0.000+0.j  0.000+0.j]
 [ 0.000+0.j -0.264+0.j  0.457+0.j  0.000+0.j  0.000+0.j  0.000+0.j]
 [ 0.264+0.j  0.000+0.j  0.000+0.j  0.000+0.j  0.000+0.j  0.000+0.j]
 [-0.457+0.j -0.000+0.j  0.000+0.j  0.000+0.j  0.000+0.j  0.000+0.j]]
1 3 [0.52744140624534464, 0] [0, 0] 0 0 0
[[ 0.000+0.j  0.000+0.j  0.000+0.j  0.000+0.j  0.264+0.j -0.457+0.j]
 [ 0.000+0.j  0.000+0.j  0.000+0.j -0.264+0.j  0.000+0.j -0.000+0.j]
 [ 0.000+0.j  0.000+0.j  0.000+0.j  0.457+0.j  0.000+0.j  0.000+0.j]
 [ 0.000+0.j -0.264+0.j  0.457+0.j  0.000+0.j  0.000+0.j  0.000+0.j]
 [ 0.264+0.j  0.000+0.j  0.000+0.j  0.000+0.j  0.000+0.j  0.000+0.j]
 [-0.457+0.j -0.000+0.j  0.000+0.j  0.000+0.j  0.000+0.j  0.000+0.j]]
1 3 [0.52744140624534464, 0] [0, 0] 0 0 0
1.0 0.52744140625 -0.551202472629
[[ 0.000+0.j  0.000+0.j  0.000+0.j  0.000+0.j -0.175+0.j  0.303+0.j]
 [ 0.000+0.j  0.000+0.j  0.000+0.j  0.175+0.j  0.000+0.j -0.000+0.j]
 [ 0.000+0.j  0.000+0.j  0.000+0.j -0.303+0.j  0.000+0.j  0.000+0.j]
 [ 0.000+0.j  0.175+0.j -0.303+0.j  0.000+0.j  0.000+0.j  0.000+0.j]
 [-0.175+0.j  0.000+0.j  0.000+0.j  0.000+0.j  0.000+0.j  0.000+0.j]
 [ 0.303+0.j -0.000+0.j  0.000+0.j  0.000+0.j  0.000+0.j  0.000+0.j]]
7 3 [0.35000000000000053, 0] [0, 0] 0 0 0
[[ 0.000+0.j  0.000+0.j  0.000+0.j  0.000+0.j -0.175+0.j  0.303+0.j]
 [ 0.000+0.j  0.000+0.j  0.000+0.j  0.175+0.j  0.000+0.j -0.000+0.j]
 [ 0.000+0.j  0.000+0.j  0.000+0.j -0.303+0.j  0.000+0.j  0.000+0.j]
 [ 0.000+0.j  0.175+0.j -0.303+0.j  0.000+0.j  0.000+0.j  0.000+0.j]
 [-0.175+0.j  0.000+0.j  0.000+0.j  0.000+0.j  0.000+0.j  0.000+0.j]
 [ 0.303+0.j -0.000+0.j  0.000+0.j  0.000+0.j  0.000+0.j  0.000+0.j]]
7 3 [0.35000000000000053, 0] [0, 0] 0 0 0
[[ 0.000+0.j  0.000+0.j  0.000+0.j  0.000+0.j -0.175+0.j  0.303+0.j]
 [ 0.000+0.j  0.000+0.j  0.000+0.j  0.175+0.j  0.000+0.j -0.000+0.j]
 [ 0.000+0.j  0.000+0.j  0.000+0.j -0.303+0.j  0.000+0.j  0.000+0.j]
 [ 0.000+0.j  0.175+0.j -0.303+0.j  0.000+0.j  0.000+0.j  0.000+0.j]
 [-0.175+0.j  0.000+0.j  0.000+0.j  0.000+0.j  0.000+0.j  0.000+0.j]
 [ 0.303+0.j -0.000+0.j  0.000+0.j  0.000+0.j  0.000+0.j  0.000+0.j]]
7 3 [0.35000000000000053, 0] [0, 0] 0 0 0
[[ 0.000+0.j  0.000+0.j  0.000+0.j  0.000+0.j -0.175+0.j  0.303+0.j]
 [ 0.000+0.j  0.000+0.j  0.000+0.j  0.175+0.j  0.000+0.j -0.000+0.j]
 [ 0.000+0.j  0.000+0.j  0.000+0.j -0.303+0.j  0.000+0.j  0.000+0.j]
 [ 0.000+0.j  0.175+0.j -0.303+0.j  0.000+0.j  0.000+0.j  0.000+0.j]
 [-0.175+0.j  0.000+0.j  0.000+0.j  0.000+0.j  0.000+0.j  0.000+0.j]
 [ 0.303+0.j -0.000+0.j  0.000+0.j  0.000+0.j  0.000+0.j  0.000+0.j]]
7 3 [0.35000000000000053, 0] [0, 0] 0 0 0
[[ 0.000+0.j  0.000+0.j  0.000+0.j  0.000+0.j -0.175+0.j  0.303+0.j]
 [ 0.000+0.j  0.000+0.j  0.000+0.j  0.175+0.j  0.000+0.j -0.000+0.j]
 [ 0.000+0.j  0.000+0.j  0.000+0.j -0.303+0.j  0.000+0.j  0.000+0.j]
 [ 0.000+0.j  0.175+0.j -0.303+0.j  0.000+0.j  0.000+0.j  0.000+0.j]
 [-0.175+0.j  0.000+0.j  0.000+0.j  0.000+0.j  0.000+0.j  0.000+0.j]
 [ 0.303+0.j -0.000+0.j  0.000+0.j  0.000+0.j  0.000+0.j  0.000+0.j]]
7 3 [0.35000000000000053, 0] [0, 0] 0 0 0
[[ 0.000+0.j  0.000+0.j  0.000+0.j  0.000+0.j  0.371+0.j -0.643+0.j]
 [ 0.000+0.j  0.000+0.j  0.000+0.j -0.371+0.j  0.000+0.j -0.000+0.j]
 [ 0.000+0.j  0.000+0.j  0.000+0.j  0.643+0.j  0.000+0.j  0.000+0.j]
 [ 0.000+0.j -0.371+0.j  0.643+0.j  0.000+0.j  0.000+0.j  0.000+0.j]
 [ 0.371+0.j  0.000+0.j  0.000+0.j  0.000+0.j  0.000+0.j  0.000+0.j]
 [-0.643+0.j -0.000+0.j  0.000+0.j  0.000+0.j  0.000+0.j  0.000+0.j]]
1 3 [0.74238769531250204, 0] [0, 0] 0 0 0
1.5 0.7423828125 -1.09931987852
/home/bialonczyk/Spin_liquids/mean_field.py:323: RuntimeWarning: invalid value encountered in sqrt
  U[:,i] = w[:,i]/np.sqrt(k[i])
/home/bialonczyk/Spin_liquids/mean_field.py:320: RuntimeWarning: invalid value encountered in sqrt
  U[:,i] = w[:,i]/(np.sqrt(k[i]))
/home/bialonczyk/Spin_liquids/mean_field.py:320: RuntimeWarning: divide by zero encountered in true_divide
  U[:,i] = w[:,i]/(np.sqrt(k[i]))
/home/bialonczyk/Spin_liquids/mean_field.py:320: RuntimeWarning: invalid value encountered in true_divide
  U[:,i] = w[:,i]/(np.sqrt(k[i]))
/home/bialonczyk/Spin_liquids/mean_field.py:323: RuntimeWarning: divide by zero encountered in true_divide
  U[:,i] = w[:,i]/np.sqrt(k[i])
/home/bialonczyk/Spin_liquids/mean_field.py:323: RuntimeWarning: invalid value encountered in true_divide
  U[:,i] = w[:,i]/np.sqrt(k[i])
/home/bialonczyk/Spin_liquids/mean_field.py:329: RuntimeWarning: invalid value encountered in double_scalars
  l1 = [(np.square(np.absolute(U[:dim//2,i]))).sum()-(np.square(np.absolute(U[dim//2: ,i]))).sum() for i in range(dim//2)]
/home/bialonczyk/Spin_liquids/mean_field.py:330: RuntimeWarning: invalid value encountered in double_scalars
  l2 = [-(np.square(np.absolute(U[:dim//2,i]))).sum()+(np.square(np.absolute(U[dim//2 : ,i]))).sum() for i in range(dim//2,dim)]
0.5 0.0485270005938
Traceback (most recent call last):
  File "min_K_02_2p.py", line 33, in <module>
    print kappa, Q_minimal, F2_minimal, minim.fun
NameError: name 'F2_minimal' is not defined
tr_condensate.py:66: ComplexWarning: Casting complex values to real discards the imaginary part
  x[Ns**2/3 + Ns/3] = xc1
tr_condensate.py:67: ComplexWarning: Casting complex values to real discards the imaginary part
  y[Ns**2/3 + Ns/3] = yc1
tr_condensate.py:68: ComplexWarning: Casting complex values to real discards the imaginary part
  x[2/3 * Ns**2 + 2/3 * Ns] = xc2
tr_condensate.py:69: ComplexWarning: Casting complex values to real discards the imaginary part
  y[2/3 * Ns**2 + 2/3 * Ns] = yc2
/home/bialonczyk/Spin_liquids/mean_field.py:321: RuntimeWarning: divide by zero encountered in true_divide
  U[:,i] = w[:,i]/(np.sqrt(k[i]))
/home/bialonczyk/Spin_liquids/mean_field.py:321: RuntimeWarning: invalid value encountered in true_divide
  U[:,i] = w[:,i]/(np.sqrt(k[i]))
/home/bialonczyk/Spin_liquids/mean_field.py:324: RuntimeWarning: divide by zero encountered in true_divide
  U[:,i] = w[:,i]/np.sqrt(k[i])
/home/bialonczyk/Spin_liquids/mean_field.py:324: RuntimeWarning: invalid value encountered in true_divide
  U[:,i] = w[:,i]/np.sqrt(k[i])
/home/bialonczyk/Spin_liquids/mean_field.py:330: RuntimeWarning: invalid value encountered in double_scalars
  l1 = [(np.square(np.absolute(U[:dim//2,i]))).sum()-(np.square(np.absolute(U[dim//2: ,i]))).sum() for i in range(dim//2)]
/home/bialonczyk/Spin_liquids/mean_field.py:331: RuntimeWarning: invalid value encountered in double_scalars
  l2 = [-(np.square(np.absolute(U[:dim//2,i]))).sum()+(np.square(np.absolute(U[dim//2 : ,i]))).sum() for i in range(dim//2,dim)]
/usr/lib/python2.7/dist-packages/scipy/optimize/optimize.py:438: ComplexWarning: Casting complex values to real discards the imaginary part
  fsim[0] = func(x0)
/home/bialonczyk/Spin_liquids/mean_field.py:321: RuntimeWarning: invalid value encountered in sqrt
  U[:,i] = w[:,i]/(np.sqrt(k[i]))
/usr/lib/python2.7/dist-packages/scipy/optimize/optimize.py:450: ComplexWarning: Casting complex values to real discards the imaginary part
  fsim[k + 1] = f
/home/bialonczyk/Spin_liquids/mean_field.py:324: RuntimeWarning: invalid value encountered in sqrt
  U[:,i] = w[:,i]/np.sqrt(k[i])
/usr/lib/python2.7/dist-packages/scipy/optimize/optimize.py:475: ComplexWarning: Casting complex values to real discards the imaginary part
  fsim[-1] = fxe
/usr/lib/python2.7/dist-packages/scipy/optimize/optimize.py:482: ComplexWarning: Casting complex values to real discards the imaginary part
  fsim[-1] = fxr
/usr/lib/python2.7/dist-packages/scipy/optimize/optimize.py:478: ComplexWarning: Casting complex values to real discards the imaginary part
  fsim[-1] = fxr
/usr/lib/python2.7/dist-packages/scipy/optimize/optimize.py:501: ComplexWarning: Casting complex values to real discards the imaginary part
  fsim[-1] = fxcc
/usr/lib/python2.7/dist-packages/scipy/optimize/optimize.py:491: ComplexWarning: Casting complex values to real discards the imaginary part
  fsim[-1] = fxc
[-0.    -0.     0.005  0.431  0.877  0.003  0.    -1.787  0.58   0.001]
/home/bialonczyk/Spin_liquids/mean_field.py:321: RuntimeWarning: invalid value encountered in sqrt
  U[:,i] = w[:,i]/(np.sqrt(k[i]))
/home/bialonczyk/Spin_liquids/mean_field.py:321: RuntimeWarning: divide by zero encountered in true_divide
  U[:,i] = w[:,i]/(np.sqrt(k[i]))
/home/bialonczyk/Spin_liquids/mean_field.py:321: RuntimeWarning: invalid value encountered in true_divide
  U[:,i] = w[:,i]/(np.sqrt(k[i]))
/home/bialonczyk/Spin_liquids/mean_field.py:330: RuntimeWarning: invalid value encountered in double_scalars
  l1 = [(np.square(np.absolute(U[:dim//2,i]))).sum()-(np.square(np.absolute(U[dim//2: ,i]))).sum() for i in range(dim//2)]
/home/bialonczyk/Spin_liquids/mean_field.py:324: RuntimeWarning: divide by zero encountered in true_divide
  U[:,i] = w[:,i]/np.sqrt(k[i])
/home/bialonczyk/Spin_liquids/mean_field.py:324: RuntimeWarning: invalid value encountered in true_divide
  U[:,i] = w[:,i]/np.sqrt(k[i])
/home/bialonczyk/Spin_liquids/mean_field.py:331: RuntimeWarning: invalid value encountered in double_scalars
  l2 = [-(np.square(np.absolute(U[:dim//2,i]))).sum()+(np.square(np.absolute(U[dim//2 : ,i]))).sum() for i in range(dim//2,dim)]
/home/bialonczyk/Spin_liquids/mean_field.py:324: RuntimeWarning: invalid value encountered in sqrt
  U[:,i] = w[:,i]/np.sqrt(k[i])
tr_condensate.py:152: RuntimeWarning: invalid value encountered in sqrt
  result += a/np.sqrt(a**2 -b**2) + np.abs(x[n1 * Ns + n2])**2 + np.abs(y[n1*Ns + n2])**2
/usr/lib/python2.7/dist-packages/scipy/optimize/optimize.py:438: ComplexWarning: Casting complex values to real discards the imaginary part
  fsim[0] = func(x0)
/usr/lib/python2.7/dist-packages/scipy/optimize/optimize.py:450: ComplexWarning: Casting complex values to real discards the imaginary part
  fsim[k + 1] = f
/usr/lib/python2.7/dist-packages/scipy/optimize/optimize.py:475: ComplexWarning: Casting complex values to real discards the imaginary part
  fsim[-1] = fxe
/usr/lib/python2.7/dist-packages/scipy/optimize/optimize.py:482: ComplexWarning: Casting complex values to real discards the imaginary part
  fsim[-1] = fxr
/usr/lib/python2.7/dist-packages/scipy/optimize/optimize.py:478: ComplexWarning: Casting complex values to real discards the imaginary part
  fsim[-1] = fxr
[5.0, 0.064984140385230482, 0.97636612609239148, 0.9819470508053576, 0.40430150698697065, 0.63567954056942333, 0.66130338263240995, 0.076004737493115648, 0.26865148098260672]
Traceback (most recent call last):
  File "tr_condensate.py", line 191, in <module>
    solucja = opt.minimize(f1, params01, method = 'Nelder-Mead')
  File "/usr/lib/python2.7/dist-packages/scipy/optimize/_minimize.py", line 413, in minimize
    return _minimize_neldermead(fun, x0, args, callback, **options)
  File "/usr/lib/python2.7/dist-packages/scipy/optimize/optimize.py", line 466, in _minimize_neldermead
    fxr = func(xr)
  File "/usr/lib/python2.7/dist-packages/scipy/optimize/optimize.py", line 281, in function_wrapper
    return function(*(wrapper_args + args))
  File "tr_condensate.py", line 182, in <lambda>
    f1 = lambda params1 : Energy_condensate([params1[0], 0, params1[1],params1[2],params1[3],params1[4],params1[5],params1[6],params1[7],params1[8]],0,kappa,N)
  File "tr_condensate.py", line 91, in Energy_condensate
    return Energy_condensate_reduced(Q, F1, x, y, H, kappa, Ns)
  File "tr_condensate.py", line 136, in Energy_condensate_reduced
    mu = Bis_condensate(0., 5., Q, F1, x, y, H, kappa, Ns)
  File "tr_condensate.py", line 113, in Bis_condensate
    while (Average_number(Q, F1,x,y, H, a, kappa,Ns) == np.inf or 
  File "tr_condensate.py", line 69, in Average_number
    return ParticleNumber(Q, F1, 0, H, mu, kappa, Ns, 'T1') + result/(Ns*Ns)
  File "/home/bialonczyk/Spin_liquids/mean_field.py", line 349, in ParticleNumber
    U = BogolubovTransformation(n1, n2, Q, F1, F2, H, mu, kappa, Ns, ansatz)
  File "/home/bialonczyk/Spin_liquids/mean_field.py", line 294, in BogolubovTransformation
    B = np.matrix(np.identity(dim))
  File "/usr/lib/python2.7/dist-packages/numpy/core/numeric.py", line 2054, in identity
    return eye(n, dtype=dtype)
  File "/usr/lib/python2.7/dist-packages/numpy/lib/twodim_base.py", line 218, in eye
    m[:M-k].flat[i::M+1] = 1
KeyboardInterrupt
/home/bialonczyk/Spin_liquids/mean_field.py:321: RuntimeWarning: invalid value encountered in sqrt
  U[:,i] = w[:,i]/(np.sqrt(k[i]))
/home/bialonczyk/Spin_liquids/mean_field.py:321: RuntimeWarning: divide by zero encountered in true_divide
  U[:,i] = w[:,i]/(np.sqrt(k[i]))
/home/bialonczyk/Spin_liquids/mean_field.py:321: RuntimeWarning: invalid value encountered in true_divide
  U[:,i] = w[:,i]/(np.sqrt(k[i]))
/home/bialonczyk/Spin_liquids/mean_field.py:330: RuntimeWarning: invalid value encountered in double_scalars
  l1 = [(np.square(np.absolute(U[:dim//2,i]))).sum()-(np.square(np.absolute(U[dim//2: ,i]))).sum() for i in range(dim//2)]
/home/bialonczyk/Spin_liquids/mean_field.py:324: RuntimeWarning: divide by zero encountered in true_divide
  U[:,i] = w[:,i]/np.sqrt(k[i])
/home/bialonczyk/Spin_liquids/mean_field.py:324: RuntimeWarning: invalid value encountered in true_divide
  U[:,i] = w[:,i]/np.sqrt(k[i])
/home/bialonczyk/Spin_liquids/mean_field.py:331: RuntimeWarning: invalid value encountered in double_scalars
  l2 = [-(np.square(np.absolute(U[:dim//2,i]))).sum()+(np.square(np.absolute(U[dim//2 : ,i]))).sum() for i in range(dim//2,dim)]
/home/bialonczyk/Spin_liquids/mean_field.py:324: RuntimeWarning: invalid value encountered in sqrt
  U[:,i] = w[:,i]/np.sqrt(k[i])
tr_condensate.py:152: RuntimeWarning: invalid value encountered in sqrt
  result += a/np.sqrt(a**2 -b**2) + np.abs(x[n1 * Ns + n2])**2 + np.abs(y[n1*Ns + n2])**2
/usr/lib/python2.7/dist-packages/scipy/optimize/optimize.py:438: ComplexWarning: Casting complex values to real discards the imaginary part
  fsim[0] = func(x0)
/usr/lib/python2.7/dist-packages/scipy/optimize/optimize.py:450: ComplexWarning: Casting complex values to real discards the imaginary part
  fsim[k + 1] = f
/usr/lib/python2.7/dist-packages/scipy/optimize/optimize.py:475: ComplexWarning: Casting complex values to real discards the imaginary part
  fsim[-1] = fxe
/usr/lib/python2.7/dist-packages/scipy/optimize/optimize.py:482: ComplexWarning: Casting complex values to real discards the imaginary part
  fsim[-1] = fxr
/usr/lib/python2.7/dist-packages/scipy/optimize/optimize.py:478: ComplexWarning: Casting complex values to real discards the imaginary part
  fsim[-1] = fxr
/usr/lib/python2.7/dist-packages/scipy/optimize/optimize.py:491: ComplexWarning: Casting complex values to real discards the imaginary part
  fsim[-1] = fxc
/usr/lib/python2.7/dist-packages/scipy/optimize/optimize.py:501: ComplexWarning: Casting complex values to real discards the imaginary part
  fsim[-1] = fxcc
[5.0, 0.45662718164720018, 0.20585879689317133, 0.17717352678736942, 0.01182893581615474, 0.64537412003481187, 0.601112791373974, 0.24907740493469943, 0.37589644908785314]
sol 0 [ 1.174  0.518  0.25   0.196  0.013  0.753  0.645  0.267  0.364] -74.4066723556
[5.0, 0.93914123531520577, 0.76324713632925945, 0.29318089052033258, 0.20985205005696383, 0.65188642537480945, 0.5867635077820611, 0.50363543278834366, 0.71439316583608059]
sol 1 [ 1.174  1.065  0.926  0.324  0.226  0.761  0.629  0.541  0.691] -74.4066723556
[5.0, 0.5175993396651789, 0.20809352892846378, 0.72268985634966343, 0.77254314291435711, 0.45485128369683669, 0.86415812916669266, 0.13305596696992583, 0.18836677510083533]
sol 2 [ 1.174  0.587  0.252  0.799  0.832  0.531  0.927  0.143  0.182] -74.4066723556
[5.0, 0.21620168439079657, 0.47200717311741247, 0.50165311777407984, 0.91820199677924397, 0.63781308133134285, 0.7100302631814791, 0.22172373386099897, 0.057543443662583904]
sol 3 [ 1.174  0.245  0.573  0.554  0.989  0.744  0.762  0.238  0.056] -74.4066723556
[5.0, 0.54756748412853062, 0.35155172351626918, 0.36495590846891846, 0.10740825014465827, 0.8868425811705628, 0.90709918449150062, 0.011001898279513367, 0.37189916583660088]
sol 4 [ 1.174  0.621  0.427  0.403  0.116  1.035  0.973  0.012  0.36 ] -74.4066723556
[5.0, 0.29532582263744778, 0.58670592859337511, 0.54457963198738613, 0.54704623612698433, 0.39143663477894841, 0.39043540564058188, 0.97386524968023225, 0.74593121675758878]
sol 5 [ 1.174  0.335  0.712  0.602  0.589  0.457  0.419  1.045  0.722] -74.4066723556
[5.0, 0.28487766739625642, 0.69607434420764114, 0.62607311920244546, 0.17827865140640364, 0.60768909028231977, 0.16146000227463742, 0.85505835342931158, 0.99885653221957216]
sol 6 [ 1.174  0.323  0.845  0.692  0.192  0.709  0.173  0.918  0.967] -74.4066723556
[5.0, 0.79922786195131468, 0.32972827269054961, 0.048136469050321207, 0.2058400094564361, 0.0066935111823350768, 0.75321710686669496, 0.87669243683304221, 0.75845926504869954]
sol 7 [ 1.174  0.906  0.4    0.053  0.222  0.008  0.808  0.941  0.734] -74.4066723556
[5.0, 0.45721827819579031, 0.92701168620872454, 0.26566411177693039, 0.79646855318730825, 0.048703814949741409, 0.8218847685836963, 0.69290561646182469, 0.72319544271890446]
sol 8 [ 1.174  0.519  1.125  0.294  0.858  0.057  0.882  0.744  0.7  ] -74.4066723556
[5.0, 0.20738522436374962, 0.37064687047566003, 0.15674629598833123, 0.37436987093750573, 0.71576761650182374, 0.44433002264064714, 0.54979952830581558, 0.073133679409732477]
sol 9 [ 1.174  0.235  0.45   0.173  0.403  0.835  0.477  0.59   0.071] -74.4066723556
[5.0, 0.8230909485066098, 0.54957847426717354, 0.41850633716889951, 0.81648712933198153, 0.9679248895178566, 0.84489696309477358, 0.8911136303061159, 0.65892204908506513]
sol 10 [ 1.174  0.934  0.667  0.463  0.879  1.13   0.906  0.956  0.638] -74.4066723556
[5.0, 0.6053716764196605, 0.72910573758366182, 0.96055028028790368, 0.95694631221991577, 0.21346494991683063, 0.21667595235323056, 0.31393581258011538, 0.6883940544358198]
sol 11 [ 1.174  0.687  0.885  1.062  1.03   0.249  0.232  0.337  0.666] -74.4066723556
[5.0, 0.28801136512141434, 0.96201092633663088, 0.59174486174786012, 0.044453817860786837, 0.37210265135699527, 0.69028022885644202, 0.93377144847910942, 0.883633397867716]
sol 12 [ 1.174  0.327  1.167  0.654  0.048  0.434  0.741  1.002  0.855] -74.4066723556
[5.0, 0.4649970367483014, 0.48037526060628788, 0.6700525264778493, 0.42165675295867999, 0.39048133419759989, 0.44824993056582074, 0.33945385344566592, 0.8156332110207507]
sol 13 [ 1.174  0.527  0.583  0.741  0.454  0.456  0.481  0.364  0.789] -74.4066723556
[5.0, 0.32759386702645743, 0.025536319942604191, 0.64759522402098202, 0.60224327084202267, 0.27398408498151583, 0.92945179523619914, 0.34191242917841591, 0.64050169503750087]
sol 14 [ 1.174  0.372  0.031  0.716  0.648  0.32   0.997  0.367  0.62 ] -74.4066723556
[5.0, 0.047657103996361805, 0.074072611366483354, 0.66996501266873199, 0.40090322291832359, 0.28710368659332808, 0.28873403270984788, 0.72791538996101302, 0.10833821494168694]
sol 15 [ 1.174  0.054  0.09   0.74   0.432  0.335  0.31   0.781  0.105] -74.4066723556
[5.0, 0.57007597046889269, 0.30110498672958075, 0.98293935149727385, 0.60822388551297657, 0.43495585867618647, 0.81476711717226313, 0.52906995307285098, 0.72279121760882203]
sol 16 [ 1.174  0.647  0.365  1.086  0.655  0.508  0.874  0.568  0.7  ] -74.4066723556
[5.0, 0.36938788826709168, 0.90970733239718882, 0.30478272118032912, 0.90763236107494083, 0.4772433871416415, 0.19691082708832164, 0.25172498001246657, 0.54322230668765925]
sol 17 [ 1.174  0.419  1.104  0.337  0.977  0.557  0.211  0.27   0.526] -74.4066723556
[5.0, 0.98700420353013907, 0.067342810964907462, 0.10716602806948905, 0.82108535974952157, 0.23084623256590975, 0.70358898440864437, 0.32444233919577847, 0.032378018012149901]
sol 18 [ 1.174  1.119  0.082  0.118  0.884  0.269  0.755  0.348  0.031] -74.4066723556
[5.0, 0.57585792671973302, 0.085888859118305905, 0.11044250700397618, 0.52977337555535187, 0.61106214502988099, 0.78478243528964586, 0.28081717383420335, 0.56533573134535986]
sol 19 [ 1.174  0.653  0.104  0.122  0.57   0.713  0.842  0.301  0.547] -74.4066723556
0.2 -74.4066723556 [ 1.174  0.653  0.104  0.122  0.57   0.713  0.842  0.301  0.547]
[5.0, 0.2106629944324433, 0.55350586832790116, 0.84357562602527358, 0.77141767257739291, 0.81793259111533589, 0.38691116352351018, 0.41245257610074926, 0.52356106967346283]
sol 0 [ 1.889  0.234  0.647  0.913  0.812  0.93   0.408  0.433  0.516] -192.697018434
[5.0, 0.084690732786456668, 0.018048496406800174, 0.84770101601273196, 0.16178774402890939, 0.9576362557782554, 0.72954135366211281, 0.24087796394987981, 0.52414257594513258]
sol 1 [ 1.889  0.094  0.021  0.918  0.17   1.089  0.769  0.253  0.516] -192.697018441
[5.0, 0.092911474176105235, 0.027959749691619962, 0.85446718834310598, 0.21397030895477942, 0.59837569421941661, 0.65765546599271651, 0.56577795986233947, 0.4004133043854633]
sol 2 [ 1.889  0.103  0.033  0.925  0.225  0.68   0.694  0.594  0.394] -192.697018409
[5.0, 0.6872717857594155, 0.83820031078232793, 0.7389465662363589, 0.78318508792672459, 0.20926917207887574, 0.62846022662232259, 0.56026177922773235, 0.4591029655079556]
sol 3 [ 1.889  0.764  0.98   0.8    0.825  0.238  0.663  0.588  0.452] -192.697018434
[5.0, 0.05605950304524443, 0.18418823751481661, 0.25287442145932715, 0.19055453282089185, 0.94753777106147796, 0.63524608347906175, 0.21893006706690543, 0.43656165967466753]
sol 4 [ 1.889  0.062  0.215  0.274  0.201  1.077  0.67   0.23   0.43 ] -192.697018441
[5.0, 0.50302172118728528, 0.46347595552163801, 0.57667023591564426, 0.30824043227901565, 0.84902888152235878, 0.98991071252092044, 0.44360086702028689, 0.11403733917715431]
sol 5 [ 1.889  0.559  0.542  0.624  0.325  0.965  1.044  0.466  0.112] -192.697018434
[5.0, 0.053170543594517339, 0.053867048282040253, 0.90156500260254557, 0.6838013260464767, 0.22570959310900995, 0.16069225871708215, 0.9920931147469344, 0.30341309800319261]
sol 6 [ 1.889  0.059  0.063  0.976  0.72   0.257  0.169  1.041  0.299] -192.697018405
[5.0, 0.091876592573050808, 0.085051497304169832, 0.41412809520655269, 0.65270511503349538, 0.10657432485231955, 0.77828070403828575, 0.61786822082350135, 0.52097803399885023]
sol 7 [ 1.889  0.102  0.099  0.448  0.687  0.121  0.821  0.648  0.513] -192.697018405
[5.0, 0.071177242200276214, 0.82610005104276218, 0.49835008437084072, 0.24364851080833805, 0.90818289590155987, 0.39292347780755599, 0.31830076006219832, 0.58756818217641682]
sol 8 [ 1.889  0.079  0.966  0.539  0.257  1.033  0.414  0.334  0.579] -192.697018441
[5.0, 0.011532557373892027, 0.73143305543899928, 0.3480235598704623, 0.24871690755882092, 0.84839863556408845, 0.20080490855323041, 0.44665601742987893, 0.67195518672035992]
sol 9 [ 1.889  0.013  0.856  0.377  0.262  0.965  0.212  0.469  0.662] -192.697018434
[5.0, 0.74600216453140855, 0.55114759157865456, 0.27228652888148597, 0.68344828116339851, 0.87487092345501238, 0.94291205888740171, 0.99746395067507054, 0.18108169473548175]
sol 10 [ 1.889  0.829  0.645  0.295  0.72   0.995  0.994  1.047  0.178] -192.697018434
[5.0, 0.14951822141005422, 0.30239558830680657, 0.98065973562836573, 0.10367804673091563, 0.014163498770574989, 0.85648242891849613, 0.77708479531875507, 0.93606804633358975]
sol 11 [ 1.889  0.166  0.354  1.062  0.109  0.016  0.903  0.815  0.922] -192.697018405
[5.0, 0.46033581198644913, 0.40974365852692618, 0.031459852201161653, 0.1658132928820657, 0.043829267826626994, 0.035958346689122456, 0.58424640942511097, 0.67473630995296197]
sol 12 [ 1.889  0.512  0.479  0.034  0.175  0.05   0.038  0.613  0.665] -192.697018405
[5.0, 0.14138871953514309, 0.29289670534487777, 0.37006658156546612, 0.10666639562962577, 0.23414095058981033, 0.22300203840353583, 0.81688049490302184, 0.96160959173955152]
sol 13 [ 1.889  0.157  0.343  0.401  0.112  0.266  0.235  0.857  0.947] -192.697018405
[5.0, 0.047057574163303917, 0.17013936615208036, 0.64203539044711089, 0.5421594105105757, 0.65612121188826344, 0.095806968122022274, 0.85975413022170277, 0.98933649733448503]
sol 14 [ 1.889  0.052  0.199  0.695  0.571  0.746  0.101  0.902  0.974] -192.697018409
[5.0, 0.12496525717939111, 0.094473283010003573, 0.32037963158087379, 0.86477602924942798, 0.35573607356174897, 0.60147631293435866, 0.25597060367905788, 0.96673683721638215]
sol 15 [ 1.889  0.139  0.111  0.347  0.911  0.404  0.634  0.269  0.952] -192.697018405
[5.0, 0.28200670790065485, 0.27876669902097051, 0.9267336169330932, 0.41815320697846348, 0.0047227375208577227, 0.82953708035192775, 0.93242816095125425, 0.42008270970522055]
sol 16 [ 1.889  0.314  0.326  1.003  0.44   0.005  0.875  0.978  0.414] -192.697018405
[5.0, 0.5159907024552669, 0.2720471577838901, 0.35630168002171414, 0.54415065464346246, 0.98808720341359413, 0.30655677375019386, 0.73692705438489126, 0.58679208372224678]
sol 17 [ 1.889  0.574  0.318  0.386  0.573  1.123  0.323  0.773  0.578] -192.697018441
[5.0, 0.61273579389583011, 0.22947336572384081, 0.12149873017636503, 0.81604805587874341, 0.54307858431753953, 0.28916158114596735, 0.23943096465347879, 0.012297581218181919]
sol 18 [ 1.889  0.681  0.268  0.132  0.859  0.617  0.305  0.251  0.012] -192.697018409
[5.0, 0.93876456400792518, 0.87106187239519994, 0.061043855136657443, 0.73707106864423344, 0.08470712764857391, 0.46097609593200473, 0.21204216012844901, 0.34154144671792508]
sol 19 [ 1.889  1.044  1.019  0.066  0.776  0.096  0.486  0.223  0.336] -192.697018434
0.4 -192.697018441 [ 1.889  0.574  0.318  0.386  0.573  1.123  0.323  0.773  0.578]
[5.0, 0.37895805158561291, 0.925569277643157, 0.4543716557493942, 0.98559936480522359, 0.21861617579089732, 0.91899887480359377, 0.24181166076467209, 0.88668069760813795]
sol 0 [ 2.588  0.42   1.051  0.49   1.009  0.245  0.957  0.249  0.867] -361.651081104
[5.0, 0.61882536540281308, 0.61927259356770148, 0.075408654306281186, 0.96973722305804888, 0.57274586336996836, 0.14040364944657646, 0.39415874173130538, 0.16406576152205488]
sol 1 [ 2.588  0.685  0.703  0.081  0.993  0.641  0.146  0.406  0.16 ] -361.651081104
[5.0, 0.3960381688197393, 0.21256801330065844, 0.85759317519940947, 0.21009141113796981, 0.60493909218474207, 0.095179020537420889, 0.61316272982727882, 0.14565813636232561]
sol 2 [ 2.588  0.438  0.241  0.925  0.215  0.677  0.099  0.631  0.142] -361.651081104
[5.0, 0.73771781977141637, 0.59640295257534925, 0.1205706601070764, 0.57363127383909074, 0.05020380700874183, 0.065225934752868087, 0.31169656751729991, 0.14651139975459471]
sol 3 [ 2.588  0.817  0.677  0.13   0.587  0.056  0.068  0.321  0.143] -361.651081087
[5.0, 0.077870135761365034, 0.4362936782150898, 0.69545098976597131, 0.58338398863512575, 0.030276390178435753, 0.4080595191594939, 0.40345410102495494, 0.14206292851347424]
sol 4 [ 2.588  0.086  0.496  0.75   0.597  0.034  0.425  0.415  0.139] -361.651081087
[5.0, 0.10464514601985297, 0.80909781336507303, 0.9279038651543694, 0.72256190691448652, 0.92479240783650241, 0.11028791822393735, 0.20228386178748248, 0.00054299426535198148]
sol 5 [ 2.588  0.116  0.919  1.001  0.74   1.035  0.115  0.208  0.001] -361.651081104
[5.0, 0.42714639022643586, 0.066448191441865756, 0.88552163557372721, 0.38796524135787969, 0.99550995776237616, 0.32549522663361341, 0.24989568583960931, 0.35399616441193538]
sol 6 [ 2.588  0.473  0.075  0.955  0.397  1.115  0.339  0.257  0.346] -361.651081104
[5.0, 0.45739491497635498, 0.88279474628029742, 0.75626109251199869, 0.95341367129001409, 0.35860583717611305, 0.041033735420579309, 0.317628219259532, 0.78242468639415652]
sol 7 [ 2.588  0.506  1.003  0.816  0.976  0.402  0.043  0.327  0.765] -361.651081104
[5.0, 0.72194275712261569, 0.81265501364915405, 0.30739488535523518, 0.44213472833214473, 0.60924427876490617, 0.82536665215111182, 0.22297609917255945, 0.41996813012657497]
sol 8 [ 2.588  0.799  0.923  0.332  0.453  0.682  0.86   0.23   0.411] -361.651081087
[5.0, 0.043224003324073945, 0.57038012975731844, 0.80047521944028033, 0.79199396482827633, 0.039077483238280197, 0.78515685549750114, 0.93330405254672555, 0.55802823527288081]
sol 9 [ 2.588  0.048  0.648  0.863  0.811  0.044  0.818  0.961  0.545] -361.651081087
[5.0, 0.025079669879757738, 0.48064488765114277, 0.89928894314064578, 0.47325955687343924, 0.35844371311734069, 0.45132916155781744, 0.23143803540977215, 0.94870955974679994]
sol 10 [ 2.588  0.028  0.546  0.97   0.485  0.401  0.47   0.238  0.927] -361.651081104
[5.0, 0.14399585290158012, 0.66474676135086042, 0.25882474752039775, 0.2862340661629148, 0.13990852070551951, 0.71364936139927226, 0.4094749279157025, 0.87904403017175337]
sol 11 [ 2.588  0.159  0.755  0.279  0.293  0.157  0.743  0.422  0.859] -361.651081087
[5.0, 0.0062640100921171893, 0.56055653921743076, 0.31265083327892018, 0.92630613458637423, 0.7534738709491281, 0.71628088907771237, 0.084114605642080509, 0.25059287773462813]
sol 12 [ 2.588  0.007  0.637  0.337  0.948  0.844  0.746  0.087  0.245] -361.651081104
[5.0, 0.62115491381629107, 0.070296305391377323, 0.45997060918251098, 0.53132218841016843, 0.99559621737954784, 0.43598515029610252, 0.6214344757245257, 0.22385970478875838]
sol 13 [ 2.588  0.688  0.08   0.496  0.544  1.115  0.454  0.64   0.219] -361.651081087
[5.0, 0.12172775909567146, 0.27465369179510823, 0.51084752124984767, 0.69344699616241567, 0.3652430640426505, 0.16407060706650578, 0.14034492674604593, 0.32409518239378088]
sol 14 [ 2.588  0.135  0.312  0.551  0.71   0.409  0.171  0.144  0.317] -361.651081087
[5.0, 0.049075249966565759, 0.55073088086009503, 0.59636632683039936, 0.77867636520002426, 0.90444737007925258, 0.074160224880249204, 0.86606779046406357, 0.59376699467383787]
sol 15 [ 2.588  0.054  0.626  0.643  0.797  1.013  0.077  0.892  0.58 ] -361.651081087
[5.0, 0.80796235831297447, 0.16661498363734872, 0.61842599247591445, 0.21925561961882967, 0.45213574941972789, 0.080540249856891455, 0.080634807816152843, 0.54129463665952515]
sol 16 [ 2.588  0.895  0.189  0.667  0.225  0.506  0.084  0.083  0.529] -361.651081087
[5.0, 0.5704236652277993, 0.87354525180568832, 0.52769565329759882, 0.65873852959605739, 0.26990657141970309, 0.69846080363229579, 0.88216657376836982, 0.6704955323197217]
sol 17 [ 2.588  0.632  0.992  0.569  0.675  0.302  0.727  0.908  0.655] -361.651081087
[5.0, 0.0041878670653374694, 0.38843057461957486, 0.37499366216174113, 0.8236107525484031, 0.55838296455757164, 0.6073503199624547, 0.93456153530064168, 0.67875142640214026]
sol 18 [ 2.588  0.005  0.441  0.404  0.843  0.625  0.633  0.962  0.663] -361.651081104
[5.0, 0.91942192574247006, 0.40031095505810033, 0.1933383229336928, 0.24644389811313216, 0.9923615095895405, 0.10286737266182588, 0.84835016372491745, 0.85883678923671791]
sol 19 [ 2.588  1.018  0.455  0.209  0.252  1.111  0.107  0.873  0.84 ] -361.651081087
0.6 -361.651081104 [ 2.588  0.005  0.441  0.404  0.843  0.625  0.633  0.962  0.663]
[5.0, 0.11599662691130164, 0.48777895409765437, 0.1040766870572426, 0.43973721362467511, 0.61946259365233058, 0.93097904729612713, 0.56339740027461771, 0.40156675788905183]
sol 0 [ 3.283  0.125  0.537  0.11   0.454  0.667  0.958  0.567  0.399] -582.185478363
[5.0, 0.084223954546234991, 0.5601037593372471, 0.34245962427759147, 0.89858698242586654, 0.93329448237028079, 0.65524821911988218, 0.10022717083475041, 0.51472849779662555]
sol 1 [ 3.283  0.091  0.616  0.362  0.929  1.004  0.674  0.101  0